<?xml version="1.0" encoding="UTF-8"?>
<!-- Generated by org.testng.reporters.JUnitXMLReporter -->
<testsuite hostname="ucreate-65-PC" failures="0" tests="50" name="tests" time="83.241" errors="0" timestamp="16 May 2019 11:25:32 GMT">
  <testcase classname="Maven.Createjob" name="@BeforeTest beforeMethod" time="0.0">
    <failure type="org.openqa.selenium.TimeoutException" message="Expected condition failed: waiting for visibility of element located by By.xpath: //a[@href=&amp;apos;/hc/drivermanagement&amp;apos;] (tried for 20 second(s) with 500 milliseconds interval)">
      <![CDATA[org.openqa.selenium.TimeoutException: Expected condition failed: waiting for visibility of element located by By.xpath: //a[@href='/hc/drivermanagement'] (tried for 20 second(s) with 500 milliseconds interval)
	at org.openqa.selenium.support.ui.WebDriverWait.timeoutException(WebDriverWait.java:95)
	at org.openqa.selenium.support.ui.FluentWait.until(FluentWait.java:272)
	at Maven.Driverinvite.beforeMethod(Driverinvite.java:149)
Caused by: org.openqa.selenium.NoSuchElementException: no such element: Unable to locate element: {"method":"xpath","selector":"//a[@href='/hc/drivermanagement']"}
  (Session info: chrome=74.0.3729.131)
  (Driver info: chromedriver=74.0.3729.6 (255758eccf3d244491b8a1317aa76e1ce10d57e9-refs/branch-heads/3729@{#29}),platform=Windows NT 6.1.7601 SP1 x86_64) (WARNING: The server did not provide any stacktrace information)
Command duration or timeout: 0 milliseconds
For documentation on this error, please visit: https://www.seleniumhq.org/exceptions/no_such_element.html
Build info: version: '3.141.59', revision: 'e82be7d358', time: '2018-11-14T08:17:03'
System info: host: 'UCREATE-65-PC', ip: '192.168.0.36', os.name: 'Windows 7', os.arch: 'amd64', os.version: '6.1', java.version: '12'
Driver info: org.openqa.selenium.chrome.ChromeDriver
Capabilities {acceptInsecureCerts: false, acceptSslCerts: false, applicationCacheEnabled: false, browserConnectionEnabled: false, browserName: chrome, chrome: {chromedriverVersion: 74.0.3729.6 (255758eccf3d24..., userDataDir: C:\Users\UCREAT~1\AppData\L...}, cssSelectorsEnabled: true, databaseEnabled: false, goog:chromeOptions: {debuggerAddress: localhost:57909}, handlesAlerts: true, hasTouchScreen: false, javascriptEnabled: true, locationContextEnabled: true, mobileEmulationEnabled: false, nativeEvents: true, networkConnectionEnabled: false, pageLoadStrategy: normal, platform: XP, platformName: XP, proxy: Proxy(), rotatable: false, setWindowRect: true, strictFileInteractability: false, takesHeapSnapshot: true, takesScreenshot: true, timeouts: {implicit: 0, pageLoad: 300000, script: 30000}, unexpectedAlertBehaviour: ignore, unhandledPromptBehavior: ignore, version: 74.0.3729.131, webStorageEnabled: true}
Session ID: 78f05e98d94acf49c164c6e8ff17e3fe
*** Element info: {Using=xpath, value=//a[@href='/hc/drivermanagement']}
	at org.openqa.selenium.remote.ErrorHandler.createThrowable(ErrorHandler.java:214)
	at org.openqa.selenium.remote.ErrorHandler.throwIfResponseFailed(ErrorHandler.java:166)
	at org.openqa.selenium.remote.http.JsonHttpResponseCodec.reconstructValue(JsonHttpResponseCodec.java:40)
	at org.openqa.selenium.remote.http.AbstractHttpResponseCodec.decode(AbstractHttpResponseCodec.java:80)
	at org.openqa.selenium.remote.http.AbstractHttpResponseCodec.decode(AbstractHttpResponseCodec.java:44)
	at org.openqa.selenium.remote.HttpCommandExecutor.execute(HttpCommandExecutor.java:158)
	at org.openqa.selenium.remote.service.DriverCommandExecutor.execute(DriverCommandExecutor.java:83)
	at org.openqa.selenium.remote.RemoteWebDriver.execute(RemoteWebDriver.java:552)
	at org.openqa.selenium.remote.RemoteWebDriver.findElement(RemoteWebDriver.java:323)
	at org.openqa.selenium.remote.RemoteWebDriver.findElementByXPath(RemoteWebDriver.java:428)
	at org.openqa.selenium.By$ByXPath.findElement(By.java:353)
	at org.openqa.selenium.remote.RemoteWebDriver.findElement(RemoteWebDriver.java:315)
	at org.openqa.selenium.support.ui.ExpectedConditions$7.apply(ExpectedConditions.java:205)
	at org.openqa.selenium.support.ui.ExpectedConditions$7.apply(ExpectedConditions.java:201)
	at org.openqa.selenium.support.ui.FluentWait.until(FluentWait.java:249)
	... 23 more
... Removed 26 stack frames]]>
    </failure>
  </testcase> <!-- @BeforeTest beforeMethod -->
  <testcase classname="Maven.Createjob" name="@BeforeTest beforeMethod" time="0.0">
    <skipped/>
  </testcase> <!-- @BeforeTest beforeMethod -->
  <testcase classname="Maven.Createjob" name="@BeforeTest beforeMethod" time="0.0">
    <skipped/>
  </testcase> <!-- @BeforeTest beforeMethod -->
  <testcase classname="Maven.Createjob" name="@BeforeTest beforeMethod" time="0.0">
    <skipped/>
  </testcase> <!-- @BeforeTest beforeMethod -->
  <testcase classname="Maven.Createjob" name="@BeforeTest beforeMethod" time="0.0">
    <skipped/>
  </testcase> <!-- @BeforeTest beforeMethod -->
  <testcase classname="Maven.Login" name="@AfterMethod afterMethod" time="0.0">
    <skipped/>
  </testcase> <!-- @AfterMethod afterMethod -->
  <testcase classname="Maven.Login" name="@AfterMethod afterMethod" time="0.0">
    <skipped/>
  </testcase> <!-- @AfterMethod afterMethod -->
  <testcase classname="Maven.Login" name="@AfterMethod afterMethod" time="0.0">
    <skipped/>
  </testcase> <!-- @AfterMethod afterMethod -->
  <testcase classname="Maven.Login" name="@AfterMethod afterMethod" time="0.0">
    <skipped/>
  </testcase> <!-- @AfterMethod afterMethod -->
  <testcase classname="Maven.Login" name="@AfterMethod afterMethod" time="0.0">
    <skipped/>
  </testcase> <!-- @AfterMethod afterMethod -->
  <testcase classname="Maven.Login" name="@AfterMethod afterMethod" time="0.0">
    <skipped/>
  </testcase> <!-- @AfterMethod afterMethod -->
  <testcase classname="Maven.Forgotpassword" name="@BeforeMethod beforeMethod" time="0.0">
    <skipped/>
  </testcase> <!-- @BeforeMethod beforeMethod -->
  <testcase classname="Maven.Forgotpassword" name="@AfterMethod afterMethod" time="0.0">
    <skipped/>
  </testcase> <!-- @AfterMethod afterMethod -->
  <testcase classname="Maven.Forgotpassword" name="@BeforeMethod beforeMethod" time="0.0">
    <skipped/>
  </testcase> <!-- @BeforeMethod beforeMethod -->
  <testcase classname="Maven.Forgotpassword" name="@AfterMethod afterMethod" time="0.0">
    <skipped/>
  </testcase> <!-- @AfterMethod afterMethod -->
  <testcase classname="Maven.Forgotpassword" name="@BeforeMethod beforeMethod" time="0.0">
    <skipped/>
  </testcase> <!-- @BeforeMethod beforeMethod -->
  <testcase classname="Maven.Forgotpassword" name="@AfterMethod afterMethod" time="0.0">
    <skipped/>
  </testcase> <!-- @AfterMethod afterMethod -->
  <testcase classname="Maven.Forgotpassword" name="@BeforeMethod beforeMethod" time="0.0">
    <skipped/>
  </testcase> <!-- @BeforeMethod beforeMethod -->
  <testcase classname="Maven.Forgotpassword" name="@AfterMethod afterMethod" time="0.0">
    <skipped/>
  </testcase> <!-- @AfterMethod afterMethod -->
  <testcase classname="Maven.Forgotpassword" name="@BeforeMethod beforeMethod" time="0.0">
    <skipped/>
  </testcase> <!-- @BeforeMethod beforeMethod -->
  <testcase classname="Maven.Forgotpassword" name="@AfterMethod afterMethod" time="0.0">
    <skipped/>
  </testcase> <!-- @AfterMethod afterMethod -->
  <testcase classname="Maven.Forgotpassword" name="@BeforeMethod beforeMethod" time="0.0">
    <skipped/>
  </testcase> <!-- @BeforeMethod beforeMethod -->
  <testcase classname="Maven.Forgotpassword" name="@AfterMethod afterMethod" time="0.0">
    <skipped/>
  </testcase> <!-- @AfterMethod afterMethod -->
  <testcase classname="Maven.Forgotpassword" name="@BeforeMethod beforeMethod" time="0.0">
    <skipped/>
  </testcase> <!-- @BeforeMethod beforeMethod -->
  <testcase classname="Maven.Forgotpassword" name="@AfterMethod afterMethod" time="0.0">
    <skipped/>
  </testcase> <!-- @AfterMethod afterMethod -->
  <testcase classname="Maven.Forgotpassword" name="@BeforeMethod beforeMethod" time="0.0">
    <skipped/>
  </testcase> <!-- @BeforeMethod beforeMethod -->
  <testcase classname="Maven.Forgotpassword" name="@AfterMethod afterMethod" time="0.0">
    <skipped/>
  </testcase> <!-- @AfterMethod afterMethod -->
  <testcase classname="Maven.HCcreate" name="@AfterMethod afterMethod" time="0.0">
    <skipped/>
  </testcase> <!-- @AfterMethod afterMethod -->
  <testcase classname="Maven.HCcreate" name="@AfterMethod afterMethod" time="0.0">
    <skipped/>
  </testcase> <!-- @AfterMethod afterMethod -->
  <testcase classname="Maven.HCcreate" name="@AfterMethod afterMethod" time="0.0">
    <skipped/>
  </testcase> <!-- @AfterMethod afterMethod -->
  <testcase classname="Maven.HCcreate" name="@AfterMethod afterMethod" time="0.0">
    <skipped/>
  </testcase> <!-- @AfterMethod afterMethod -->
  <testcase classname="Maven.HCcreate" name="@AfterMethod afterMethod" time="0.0">
    <skipped/>
  </testcase> <!-- @AfterMethod afterMethod -->
  <testcase classname="Maven.HCcreate" name="@AfterMethod afterMethod" time="0.0">
    <skipped/>
  </testcase> <!-- @AfterMethod afterMethod -->
  <testcase classname="Maven.Driverinvite" name="@AfterTest AfterMethod" time="0.0">
    <skipped/>
  </testcase> <!-- @AfterTest AfterMethod -->
  <testcase classname="Maven.Login" name="testwithvalidpassword" time="0.001">
    <skipped/>
  </testcase> <!-- testwithvalidpassword -->
  <testcase classname="Maven.Login" name="testwithvalidemail" time="0.0">
    <skipped/>
  </testcase> <!-- testwithvalidemail -->
  <testcase classname="Maven.Login" name="testwithinvaliddetails" time="0.001">
    <skipped/>
  </testcase> <!-- testwithinvaliddetails -->
  <testcase classname="Maven.Login" name="testwithinvalidemail" time="0.001">
    <skipped/>
  </testcase> <!-- testwithinvalidemail -->
  <testcase classname="Maven.Login" name="testwithinvalidpassword" time="0.0">
    <skipped/>
  </testcase> <!-- testwithinvalidpassword -->
  <testcase classname="Maven.Login" name="testwithvaliddetails" time="0.0">
    <skipped/>
  </testcase> <!-- testwithvaliddetails -->
  <testcase classname="Maven.Forgotpassword" name="testredirectforgot" time="0.001">
    <skipped/>
  </testcase> <!-- testredirectforgot -->
  <testcase classname="Maven.Forgotpassword" name="testwithblankemail" time="0.001">
    <skipped/>
  </testcase> <!-- testwithblankemail -->
  <testcase classname="Maven.Forgotpassword" name="testwithblankpassword" time="0.001">
    <skipped/>
  </testcase> <!-- testwithblankpassword -->
  <testcase classname="Maven.Forgotpassword" name="testwithdifferentpassword" time="0.0">
    <skipped/>
  </testcase> <!-- testwithdifferentpassword -->
  <testcase classname="Maven.Forgotpassword" name="testwithinvalidemail" time="0.0">
    <skipped/>
  </testcase> <!-- testwithinvalidemail -->
  <testcase classname="Maven.Forgotpassword" name="testwithunmatchedformatpassword" time="0.0">
    <skipped/>
  </testcase> <!-- testwithunmatchedformatpassword -->
  <testcase classname="Maven.Forgotpassword" name="testwithvalidemail" time="0.001">
    <skipped/>
  </testcase> <!-- testwithvalidemail -->
  <testcase classname="Maven.Forgotpassword" name="testwithvalidpassword" time="0.0">
    <skipped/>
  </testcase> <!-- testwithvalidpassword -->
  <testcase classname="Maven.HCcreate" name="hcwithblankdetails" time="0.001">
    <skipped/>
  </testcase> <!-- hcwithblankdetails -->
  <testcase classname="Maven.HCcreate" name="hcwithinvalidpostcode" time="0.001">
    <skipped/>
  </testcase> <!-- hcwithinvalidpostcode -->
  <testcase classname="Maven.HCcreate" name="hcwithinvalidemail" time="0.001">
    <skipped/>
  </testcase> <!-- hcwithinvalidemail -->
  <testcase classname="Maven.HCcreate" name="hcwithexistingemail" time="0.0">
    <skipped/>
  </testcase> <!-- hcwithexistingemail -->
  <testcase classname="Maven.HCcreate" name="hcwithinvalidurl" time="0.0">
    <skipped/>
  </testcase> <!-- hcwithinvalidurl -->
  <testcase classname="Maven.HCcreate" name="hcwithvaliddetails" time="0.0">
    <skipped/>
  </testcase> <!-- hcwithvaliddetails -->
  <testcase classname="Maven.Driverinvite" name="createjobwithvaliddetails" time="0.001">
    <skipped/>
  </testcase> <!-- createjobwithvaliddetails -->
  <testcase classname="Maven.Driverinvite" name="drivervalidemail1" time="0.002">
    <skipped/>
  </testcase> <!-- drivervalidemail1 -->
  <testcase classname="Maven.Driverinvite" name="drivervalidemail" time="0.001">
    <skipped/>
  </testcase> <!-- drivervalidemail -->
  <testcase classname="Maven.Driverinvite" name="drivervalidemail3" time="0.002">
    <skipped/>
  </testcase> <!-- drivervalidemail3 -->
  <testcase classname="Maven.Driverinvite" name="drivervalidiemail" time="0.001">
    <skipped/>
  </testcase> <!-- drivervalidiemail -->
  <testcase classname="Maven.Createjob" name="main" time="0.0">
    <skipped/>
  </testcase> <!-- main -->
  <testcase classname="Maven.Createjob" name="nextbuttondisable" time="0.001">
    <skipped/>
  </testcase> <!-- nextbuttondisable -->
  <testcase classname="Maven.Createjob" name="nextbuttondisableandbackbuttonenable" time="0.001">
    <skipped/>
  </testcase> <!-- nextbuttondisableandbackbuttonenable -->
  <testcase classname="Maven.Createjob" name="nextbuttondisableasndbackbuttonenable" time="0.0">
    <skipped/>
  </testcase> <!-- nextbuttondisableasndbackbuttonenable -->
  <testcase classname="Maven.Createjob" name="nextbuttonenable" time="0.0">
    <skipped/>
  </testcase> <!-- nextbuttonenable -->
  <testcase classname="Maven.Rateupdate" name="blankLTDrate" time="0.001">
    <skipped/>
  </testcase> <!-- blankLTDrate -->
  <testcase classname="Maven.Rateupdate" name="blank1LTDrate" time="0.0">
    <skipped/>
  </testcase> <!-- blank1LTDrate -->
  <testcase classname="Maven.Rateupdate" name="blank11LTDrate" time="0.0">
    <skipped/>
  </testcase> <!-- blank11LTDrate -->
  <testcase classname="Maven.Dashboard" name="jobaschedulelink" time="0.0">
    <skipped/>
  </testcase> <!-- jobaschedulelink -->
  <testcase classname="Maven.Dashboard" name="Jobstoreview" time="0.001">
    <skipped/>
  </testcase> <!-- Jobstoreview -->
  <testcase classname="Maven.Dashboard" name="jobstoreviewlink" time="0.0">
    <skipped/>
  </testcase> <!-- jobstoreviewlink -->
  <testcase classname="Maven.Dashboard" name="Drivermanagementlink" time="0.0">
    <skipped/>
  </testcase> <!-- Drivermanagementlink -->
  <testcase classname="Maven.Dashboard" name="NOtificationicon" time="0.001">
    <skipped/>
  </testcase> <!-- NOtificationicon -->
  <testcase classname="Maven.Dashboard" name="profilelinkicon" time="0.0">
    <skipped/>
  </testcase> <!-- profilelinkicon -->
  <testcase classname="Maven.Dashboard" name="Profilelinkname" time="0.001">
    <skipped/>
  </testcase> <!-- Profilelinkname -->
  <testcase classname="Maven.Dashboard" name="Profilelinktext" time="0.0">
    <skipped/>
  </testcase> <!-- Profilelinktext -->
  <testcase classname="Maven.Dashboard" name="Settingstext" time="0.001">
    <skipped/>
  </testcase> <!-- Settingstext -->
  <testcase classname="Maven.Dashboard" name="OnTimeCount" time="0.0">
    <skipped/>
  </testcase> <!-- OnTimeCount -->
  <testcase classname="Maven.Dashboard" name="WaitingToStartCount" time="0.001">
    <skipped/>
  </testcase> <!-- WaitingToStartCount -->
  <testcase classname="Maven.Dashboard" name="NotYetAllocatedCount" time="0.0">
    <skipped/>
  </testcase> <!-- NotYetAllocatedCount -->
  <testcase classname="Maven.Dashboard" name="RunningLateCount" time="0.0">
    <skipped/>
  </testcase> <!-- RunningLateCount -->
  <testcase classname="Maven.JobToScheduleFilter" name="Unallocatedjobs" time="0.001">
    <skipped/>
  </testcase> <!-- Unallocatedjobs -->
  <testcase classname="Maven.JobToScheduleFilter" name="WaitingToStart" time="0.003">
    <skipped/>
  </testcase> <!-- WaitingToStart -->
  <testcase classname="Maven.JobToScheduleFilter" name="expiredfilter" time="0.001">
    <skipped/>
  </testcase> <!-- expiredfilter -->
  <testcase classname="Maven.JobToScheduleFilter" name="Applications" time="0.006">
    <skipped/>
  </testcase> <!-- Applications -->
</testsuite> <!-- tests -->
